[     112ms] [INFO] %cDownload the React DevTools for a better development experience: https://react.dev/link/react-devtools font-weight:bold @ http://localhost:5173/node_modules/.vite/deps/react-dom_client.js?v=cf369621:14337
[  471574ms] [INFO] %cDownload the React DevTools for a better development experience: https://react.dev/link/react-devtools font-weight:bold @ http://localhost:5173/node_modules/.vite/deps/react-dom_client.js?v=cf369621:14337
[  481447ms] [ERROR] %o

%s

%s
 ReferenceError: BarChart is not defined
    at OverviewTab (http://localhost:5173/src/pages/advisor/OverviewTab.tsx?t=1775622320470:392:41)
    at Object.react_stack_bottom_frame (http://localhost:5173/node_modules/.vite/deps/react-dom_client.js?v=cf369621:12868:12)
    at renderWithHooks (http://localhost:5173/node_modules/.vite/deps/react-dom_client.js?v=cf369621:4213:19)
    at updateFunctionComponent (http://localhost:5173/node_modules/.vite/deps/react-dom_client.js?v=cf369621:5569:16)
    at beginWork (http://localhost:5173/node_modules/.vite/deps/react-dom_client.js?v=cf369621:6140:20)
    at runWithFiberInDEV (http://localhost:5173/node_modules/.vite/deps/react-dom_client.js?v=cf369621:851:66)
    at performUnitOfWork (http://localhost:5173/node_modules/.vite/deps/react-dom_client.js?v=cf369621:8429:92)
    at workLoopSync (http://localhost:5173/node_modules/.vite/deps/react-dom_client.js?v=cf369621:8325:37)
    at renderRootSync (http://localhost:5173/node_modules/.vite/deps/react-dom_client.js?v=cf369621:8309:6)
    at performWorkOnRoot (http://localhost:5173/node_modules/.vite/deps/react-dom_client.js?v=cf369621:7994:27) The above error occurred in the <OverviewTab> component. React will try to recreate this component tree from scratch using the error boundary you provided, ErrorBoundary. @ http://localhost:5173/node_modules/.vite/deps/react-dom_client.js?v=cf369621:5273
[  481449ms] [ERROR] [ErrorBoundary] ReferenceError: BarChart is not defined
    at OverviewTab (http://localhost:5173/src/pages/advisor/OverviewTab.tsx?t=1775622320470:392:41)
    at Object.react_stack_bottom_frame (http://localhost:5173/node_modules/.vite/deps/react-dom_client.js?v=cf369621:12868:12)
    at renderWithHooks (http://localhost:5173/node_modules/.vite/deps/react-dom_client.js?v=cf369621:4213:19)
    at updateFunctionComponent (http://localhost:5173/node_modules/.vite/deps/react-dom_client.js?v=cf369621:5569:16)
    at beginWork (http://localhost:5173/node_modules/.vite/deps/react-dom_client.js?v=cf369621:6140:20)
    at runWithFiberInDEV (http://localhost:5173/node_modules/.vite/deps/react-dom_client.js?v=cf369621:851:66)
    at performUnitOfWork (http://localhost:5173/node_modules/.vite/deps/react-dom_client.js?v=cf369621:8429:92)
    at workLoopSync (http://localhost:5173/node_modules/.vite/deps/react-dom_client.js?v=cf369621:8325:37)
    at renderRootSync (http://localhost:5173/node_modules/.vite/deps/react-dom_client.js?v=cf369621:8309:6)
    at performWorkOnRoot (http://localhost:5173/node_modules/.vite/deps/react-dom_client.js?v=cf369621:7994:27) 
    at OverviewTab (http://localhost:5173/src/pages/advisor/OverviewTab.tsx?t=1775622320470:146:39)
    at div (<anonymous>)
    at AdvisorDashboard (http://localhost:5173/src/pages/AdvisorDashboard.tsx:45:57)
    at Suspense (<anonymous>)
    at RenderedRoute (http://localhost:5173/node_modules/.vite/deps/react-router-dom.js?v=cf369621:4004:26)
    at Outlet (http://localhost:5173/node_modules/.vite/deps/react-router-dom.js?v=cf369621:4570:25)
    at ErrorBoundary (http://localhost:5173/src/components/ErrorBoundary.tsx:7:3)
    at div (<anonymous>)
    at main (<anonymous>)
    at div (<anonymous>)
    at Layout (http://localhost:5173/src/components/Layout.tsx:107:85)
    at RenderedRoute (http://localhost:5173/node_modules/.vite/deps/react-router-dom.js?v=cf369621:4004:26)
    at Outlet (http://localhost:5173/node_modules/.vite/deps/react-router-dom.js?v=cf369621:4570:25)
    at ProtectedRoute (http://localhost:5173/src/components/ProtectedRoute.tsx:8:28)
    at RenderedRoute (http://localhost:5173/node_modules/.vite/deps/react-router-dom.js?v=cf369621:4004:26)
    at Routes (http://localhost:5173/node_modules/.vite/deps/react-router-dom.js?v=cf369621:4623:19)
    at SalesProvider (http://localhost:5173/src/contexts/SalesContext.tsx:7:33)
    at AuthProvider (http://localhost:5173/src/contexts/AuthContext.tsx:9:32)
    at ThemeProvider (http://localhost:5173/src/contexts/ThemeContext.tsx:7:33)
    at QueryClientProvider (http://localhost:5173/node_modules/.vite/deps/@tanstack_react-query.js?v=cf369621:2517:30)
    at App (<anonymous>)
    at Router (http://localhost:5173/node_modules/.vite/deps/react-router-dom.js?v=cf369621:4575:29)
    at BrowserRouter (http://localhost:5173/node_modules/.vite/deps/react-router-dom.js?v=cf369621:6927:26) @ http://localhost:5173/src/components/ErrorBoundary.tsx:19
[  490712ms] [ERROR] %o

%s

%s
 ReferenceError: BarChart is not defined
    at OverviewTab (http://localhost:5173/src/pages/advisor/OverviewTab.tsx?t=1775622329777:393:41)
    at Object.react_stack_bottom_frame (http://localhost:5173/node_modules/.vite/deps/react-dom_client.js?v=cf369621:12868:12)
    at renderWithHooks (http://localhost:5173/node_modules/.vite/deps/react-dom_client.js?v=cf369621:4213:19)
    at updateFunctionComponent (http://localhost:5173/node_modules/.vite/deps/react-dom_client.js?v=cf369621:5569:16)
    at beginWork (http://localhost:5173/node_modules/.vite/deps/react-dom_client.js?v=cf369621:6140:20)
    at runWithFiberInDEV (http://localhost:5173/node_modules/.vite/deps/react-dom_client.js?v=cf369621:851:66)
    at performUnitOfWork (http://localhost:5173/node_modules/.vite/deps/react-dom_client.js?v=cf369621:8429:92)
    at workLoopSync (http://localhost:5173/node_modules/.vite/deps/react-dom_client.js?v=cf369621:8325:37)
    at renderRootSync (http://localhost:5173/node_modules/.vite/deps/react-dom_client.js?v=cf369621:8309:6)
    at performWorkOnRoot (http://localhost:5173/node_modules/.vite/deps/react-dom_client.js?v=cf369621:7994:27) The above error occurred in the <OverviewTab> component. React will try to recreate this component tree from scratch using the error boundary you provided, ErrorBoundary. @ http://localhost:5173/node_modules/.vite/deps/react-dom_client.js?v=cf369621:5273
[  490712ms] [ERROR] [ErrorBoundary] ReferenceError: BarChart is not defined
    at OverviewTab (http://localhost:5173/src/pages/advisor/OverviewTab.tsx?t=1775622329777:393:41)
    at Object.react_stack_bottom_frame (http://localhost:5173/node_modules/.vite/deps/react-dom_client.js?v=cf369621:12868:12)
    at renderWithHooks (http://localhost:5173/node_modules/.vite/deps/react-dom_client.js?v=cf369621:4213:19)
    at updateFunctionComponent (http://localhost:5173/node_modules/.vite/deps/react-dom_client.js?v=cf369621:5569:16)
    at beginWork (http://localhost:5173/node_modules/.vite/deps/react-dom_client.js?v=cf369621:6140:20)
    at runWithFiberInDEV (http://localhost:5173/node_modules/.vite/deps/react-dom_client.js?v=cf369621:851:66)
    at performUnitOfWork (http://localhost:5173/node_modules/.vite/deps/react-dom_client.js?v=cf369621:8429:92)
    at workLoopSync (http://localhost:5173/node_modules/.vite/deps/react-dom_client.js?v=cf369621:8325:37)
    at renderRootSync (http://localhost:5173/node_modules/.vite/deps/react-dom_client.js?v=cf369621:8309:6)
    at performWorkOnRoot (http://localhost:5173/node_modules/.vite/deps/react-dom_client.js?v=cf369621:7994:27) 
    at OverviewTab (http://localhost:5173/src/pages/advisor/OverviewTab.tsx?t=1775622329777:147:39)
    at div (<anonymous>)
    at AdvisorDashboard (http://localhost:5173/src/pages/AdvisorDashboard.tsx:45:57)
    at Suspense (<anonymous>)
    at RenderedRoute (http://localhost:5173/node_modules/.vite/deps/react-router-dom.js?v=cf369621:4004:26)
    at Outlet (http://localhost:5173/node_modules/.vite/deps/react-router-dom.js?v=cf369621:4570:25)
    at ErrorBoundary (http://localhost:5173/src/components/ErrorBoundary.tsx:7:3)
    at div (<anonymous>)
    at main (<anonymous>)
    at div (<anonymous>)
    at Layout (http://localhost:5173/src/components/Layout.tsx:107:85)
    at RenderedRoute (http://localhost:5173/node_modules/.vite/deps/react-router-dom.js?v=cf369621:4004:26)
    at Outlet (http://localhost:5173/node_modules/.vite/deps/react-router-dom.js?v=cf369621:4570:25)
    at ProtectedRoute (http://localhost:5173/src/components/ProtectedRoute.tsx:8:28)
    at RenderedRoute (http://localhost:5173/node_modules/.vite/deps/react-router-dom.js?v=cf369621:4004:26)
    at Routes (http://localhost:5173/node_modules/.vite/deps/react-router-dom.js?v=cf369621:4623:19)
    at SalesProvider (http://localhost:5173/src/contexts/SalesContext.tsx:7:33)
    at AuthProvider (http://localhost:5173/src/contexts/AuthContext.tsx:9:32)
    at ThemeProvider (http://localhost:5173/src/contexts/ThemeContext.tsx:7:33)
    at QueryClientProvider (http://localhost:5173/node_modules/.vite/deps/@tanstack_react-query.js?v=cf369621:2517:30)
    at App (<anonymous>)
    at Router (http://localhost:5173/node_modules/.vite/deps/react-router-dom.js?v=cf369621:4575:29)
    at BrowserRouter (http://localhost:5173/node_modules/.vite/deps/react-router-dom.js?v=cf369621:6927:26) @ http://localhost:5173/src/components/ErrorBoundary.tsx:19
[  498241ms] [ERROR] %o

%s

%s
 ReferenceError: BarChart is not defined
    at OverviewTab (http://localhost:5173/src/pages/advisor/OverviewTab.tsx?t=1775622337310:393:41)
    at Object.react_stack_bottom_frame (http://localhost:5173/node_modules/.vite/deps/react-dom_client.js?v=cf369621:12868:12)
    at renderWithHooks (http://localhost:5173/node_modules/.vite/deps/react-dom_client.js?v=cf369621:4213:19)
    at updateFunctionComponent (http://localhost:5173/node_modules/.vite/deps/react-dom_client.js?v=cf369621:5569:16)
    at beginWork (http://localhost:5173/node_modules/.vite/deps/react-dom_client.js?v=cf369621:6140:20)
    at runWithFiberInDEV (http://localhost:5173/node_modules/.vite/deps/react-dom_client.js?v=cf369621:851:66)
    at performUnitOfWork (http://localhost:5173/node_modules/.vite/deps/react-dom_client.js?v=cf369621:8429:92)
    at workLoopSync (http://localhost:5173/node_modules/.vite/deps/react-dom_client.js?v=cf369621:8325:37)
    at renderRootSync (http://localhost:5173/node_modules/.vite/deps/react-dom_client.js?v=cf369621:8309:6)
    at performWorkOnRoot (http://localhost:5173/node_modules/.vite/deps/react-dom_client.js?v=cf369621:7994:27) The above error occurred in the <OverviewTab> component. React will try to recreate this component tree from scratch using the error boundary you provided, ErrorBoundary. @ http://localhost:5173/node_modules/.vite/deps/react-dom_client.js?v=cf369621:5273
[  498241ms] [ERROR] [ErrorBoundary] ReferenceError: BarChart is not defined
    at OverviewTab (http://localhost:5173/src/pages/advisor/OverviewTab.tsx?t=1775622337310:393:41)
    at Object.react_stack_bottom_frame (http://localhost:5173/node_modules/.vite/deps/react-dom_client.js?v=cf369621:12868:12)
    at renderWithHooks (http://localhost:5173/node_modules/.vite/deps/react-dom_client.js?v=cf369621:4213:19)
    at updateFunctionComponent (http://localhost:5173/node_modules/.vite/deps/react-dom_client.js?v=cf369621:5569:16)
    at beginWork (http://localhost:5173/node_modules/.vite/deps/react-dom_client.js?v=cf369621:6140:20)
    at runWithFiberInDEV (http://localhost:5173/node_modules/.vite/deps/react-dom_client.js?v=cf369621:851:66)
    at performUnitOfWork (http://localhost:5173/node_modules/.vite/deps/react-dom_client.js?v=cf369621:8429:92)
    at workLoopSync (http://localhost:5173/node_modules/.vite/deps/react-dom_client.js?v=cf369621:8325:37)
    at renderRootSync (http://localhost:5173/node_modules/.vite/deps/react-dom_client.js?v=cf369621:8309:6)
    at performWorkOnRoot (http://localhost:5173/node_modules/.vite/deps/react-dom_client.js?v=cf369621:7994:27) 
    at OverviewTab (http://localhost:5173/src/pages/advisor/OverviewTab.tsx?t=1775622337310:147:39)
    at div (<anonymous>)
    at AdvisorDashboard (http://localhost:5173/src/pages/AdvisorDashboard.tsx?t=1775622337310:45:57)
    at Suspense (<anonymous>)
    at RenderedRoute (http://localhost:5173/node_modules/.vite/deps/react-router-dom.js?v=cf369621:4004:26)
    at Outlet (http://localhost:5173/node_modules/.vite/deps/react-router-dom.js?v=cf369621:4570:25)
    at ErrorBoundary (http://localhost:5173/src/components/ErrorBoundary.tsx:7:3)
    at div (<anonymous>)
    at main (<anonymous>)
    at div (<anonymous>)
    at Layout (http://localhost:5173/src/components/Layout.tsx:107:85)
    at RenderedRoute (http://localhost:5173/node_modules/.vite/deps/react-router-dom.js?v=cf369621:4004:26)
    at Outlet (http://localhost:5173/node_modules/.vite/deps/react-router-dom.js?v=cf369621:4570:25)
    at ProtectedRoute (http://localhost:5173/src/components/ProtectedRoute.tsx:8:28)
    at RenderedRoute (http://localhost:5173/node_modules/.vite/deps/react-router-dom.js?v=cf369621:4004:26)
    at Routes (http://localhost:5173/node_modules/.vite/deps/react-router-dom.js?v=cf369621:4623:19)
    at SalesProvider (http://localhost:5173/src/contexts/SalesContext.tsx:7:33)
    at AuthProvider (http://localhost:5173/src/contexts/AuthContext.tsx:9:32)
    at ThemeProvider (http://localhost:5173/src/contexts/ThemeContext.tsx:7:33)
    at QueryClientProvider (http://localhost:5173/node_modules/.vite/deps/@tanstack_react-query.js?v=cf369621:2517:30)
    at App (<anonymous>)
    at Router (http://localhost:5173/node_modules/.vite/deps/react-router-dom.js?v=cf369621:4575:29)
    at BrowserRouter (http://localhost:5173/node_modules/.vite/deps/react-router-dom.js?v=cf369621:6927:26) @ http://localhost:5173/src/components/ErrorBoundary.tsx:19
[  505047ms] [ERROR] %o

%s

%s
 ReferenceError: BarChart is not defined
    at OverviewTab (http://localhost:5173/src/pages/advisor/OverviewTab.tsx?t=1775622344089:395:41)
    at Object.react_stack_bottom_frame (http://localhost:5173/node_modules/.vite/deps/react-dom_client.js?v=cf369621:12868:12)
    at renderWithHooks (http://localhost:5173/node_modules/.vite/deps/react-dom_client.js?v=cf369621:4213:19)
    at updateFunctionComponent (http://localhost:5173/node_modules/.vite/deps/react-dom_client.js?v=cf369621:5569:16)
    at beginWork (http://localhost:5173/node_modules/.vite/deps/react-dom_client.js?v=cf369621:6140:20)
    at runWithFiberInDEV (http://localhost:5173/node_modules/.vite/deps/react-dom_client.js?v=cf369621:851:66)
    at performUnitOfWork (http://localhost:5173/node_modules/.vite/deps/react-dom_client.js?v=cf369621:8429:92)
    at workLoopSync (http://localhost:5173/node_modules/.vite/deps/react-dom_client.js?v=cf369621:8325:37)
    at renderRootSync (http://localhost:5173/node_modules/.vite/deps/react-dom_client.js?v=cf369621:8309:6)
    at performWorkOnRoot (http://localhost:5173/node_modules/.vite/deps/react-dom_client.js?v=cf369621:7994:27) The above error occurred in the <OverviewTab> component. React will try to recreate this component tree from scratch using the error boundary you provided, ErrorBoundary. @ http://localhost:5173/node_modules/.vite/deps/react-dom_client.js?v=cf369621:5273
[  505048ms] [ERROR] [ErrorBoundary] ReferenceError: BarChart is not defined
    at OverviewTab (http://localhost:5173/src/pages/advisor/OverviewTab.tsx?t=1775622344089:395:41)
    at Object.react_stack_bottom_frame (http://localhost:5173/node_modules/.vite/deps/react-dom_client.js?v=cf369621:12868:12)
    at renderWithHooks (http://localhost:5173/node_modules/.vite/deps/react-dom_client.js?v=cf369621:4213:19)
    at updateFunctionComponent (http://localhost:5173/node_modules/.vite/deps/react-dom_client.js?v=cf369621:5569:16)
    at beginWork (http://localhost:5173/node_modules/.vite/deps/react-dom_client.js?v=cf369621:6140:20)
    at runWithFiberInDEV (http://localhost:5173/node_modules/.vite/deps/react-dom_client.js?v=cf369621:851:66)
    at performUnitOfWork (http://localhost:5173/node_modules/.vite/deps/react-dom_client.js?v=cf369621:8429:92)
    at workLoopSync (http://localhost:5173/node_modules/.vite/deps/react-dom_client.js?v=cf369621:8325:37)
    at renderRootSync (http://localhost:5173/node_modules/.vite/deps/react-dom_client.js?v=cf369621:8309:6)
    at performWorkOnRoot (http://localhost:5173/node_modules/.vite/deps/react-dom_client.js?v=cf369621:7994:27) 
    at OverviewTab (http://localhost:5173/src/pages/advisor/OverviewTab.tsx?t=1775622344089:147:39)
    at div (<anonymous>)
    at AdvisorDashboard (http://localhost:5173/src/pages/AdvisorDashboard.tsx?t=1775622337310:45:57)
    at Suspense (<anonymous>)
    at RenderedRoute (http://localhost:5173/node_modules/.vite/deps/react-router-dom.js?v=cf369621:4004:26)
    at Outlet (http://localhost:5173/node_modules/.vite/deps/react-router-dom.js?v=cf369621:4570:25)
    at ErrorBoundary (http://localhost:5173/src/components/ErrorBoundary.tsx:7:3)
    at div (<anonymous>)
    at main (<anonymous>)
    at div (<anonymous>)
    at Layout (http://localhost:5173/src/components/Layout.tsx:107:85)
    at RenderedRoute (http://localhost:5173/node_modules/.vite/deps/react-router-dom.js?v=cf369621:4004:26)
    at Outlet (http://localhost:5173/node_modules/.vite/deps/react-router-dom.js?v=cf369621:4570:25)
    at ProtectedRoute (http://localhost:5173/src/components/ProtectedRoute.tsx:8:28)
    at RenderedRoute (http://localhost:5173/node_modules/.vite/deps/react-router-dom.js?v=cf369621:4004:26)
    at Routes (http://localhost:5173/node_modules/.vite/deps/react-router-dom.js?v=cf369621:4623:19)
    at SalesProvider (http://localhost:5173/src/contexts/SalesContext.tsx:7:33)
    at AuthProvider (http://localhost:5173/src/contexts/AuthContext.tsx:9:32)
    at ThemeProvider (http://localhost:5173/src/contexts/ThemeContext.tsx:7:33)
    at QueryClientProvider (http://localhost:5173/node_modules/.vite/deps/@tanstack_react-query.js?v=cf369621:2517:30)
    at App (<anonymous>)
    at Router (http://localhost:5173/node_modules/.vite/deps/react-router-dom.js?v=cf369621:4575:29)
    at BrowserRouter (http://localhost:5173/node_modules/.vite/deps/react-router-dom.js?v=cf369621:6927:26) @ http://localhost:5173/src/components/ErrorBoundary.tsx:19
[  513028ms] [ERROR] %o

%s

%s
 ReferenceError: BarChart is not defined
    at OverviewTab (http://localhost:5173/src/pages/advisor/OverviewTab.tsx?t=1775622352106:397:41)
    at Object.react_stack_bottom_frame (http://localhost:5173/node_modules/.vite/deps/react-dom_client.js?v=cf369621:12868:12)
    at renderWithHooks (http://localhost:5173/node_modules/.vite/deps/react-dom_client.js?v=cf369621:4213:19)
    at updateFunctionComponent (http://localhost:5173/node_modules/.vite/deps/react-dom_client.js?v=cf369621:5569:16)
    at beginWork (http://localhost:5173/node_modules/.vite/deps/react-dom_client.js?v=cf369621:6140:20)
    at runWithFiberInDEV (http://localhost:5173/node_modules/.vite/deps/react-dom_client.js?v=cf369621:851:66)
    at performUnitOfWork (http://localhost:5173/node_modules/.vite/deps/react-dom_client.js?v=cf369621:8429:92)
    at workLoopSync (http://localhost:5173/node_modules/.vite/deps/react-dom_client.js?v=cf369621:8325:37)
    at renderRootSync (http://localhost:5173/node_modules/.vite/deps/react-dom_client.js?v=cf369621:8309:6)
    at performWorkOnRoot (http://localhost:5173/node_modules/.vite/deps/react-dom_client.js?v=cf369621:7994:27) The above error occurred in the <OverviewTab> component. React will try to recreate this component tree from scratch using the error boundary you provided, ErrorBoundary. @ http://localhost:5173/node_modules/.vite/deps/react-dom_client.js?v=cf369621:5273
[  513028ms] [ERROR] [ErrorBoundary] ReferenceError: BarChart is not defined
    at OverviewTab (http://localhost:5173/src/pages/advisor/OverviewTab.tsx?t=1775622352106:397:41)
    at Object.react_stack_bottom_frame (http://localhost:5173/node_modules/.vite/deps/react-dom_client.js?v=cf369621:12868:12)
    at renderWithHooks (http://localhost:5173/node_modules/.vite/deps/react-dom_client.js?v=cf369621:4213:19)
    at updateFunctionComponent (http://localhost:5173/node_modules/.vite/deps/react-dom_client.js?v=cf369621:5569:16)
    at beginWork (http://localhost:5173/node_modules/.vite/deps/react-dom_client.js?v=cf369621:6140:20)
    at runWithFiberInDEV (http://localhost:5173/node_modules/.vite/deps/react-dom_client.js?v=cf369621:851:66)
    at performUnitOfWork (http://localhost:5173/node_modules/.vite/deps/react-dom_client.js?v=cf369621:8429:92)
    at workLoopSync (http://localhost:5173/node_modules/.vite/deps/react-dom_client.js?v=cf369621:8325:37)
    at renderRootSync (http://localhost:5173/node_modules/.vite/deps/react-dom_client.js?v=cf369621:8309:6)
    at performWorkOnRoot (http://localhost:5173/node_modules/.vite/deps/react-dom_client.js?v=cf369621:7994:27) 
    at OverviewTab (http://localhost:5173/src/pages/advisor/OverviewTab.tsx?t=1775622352106:147:39)
    at div (<anonymous>)
    at AdvisorDashboard (http://localhost:5173/src/pages/AdvisorDashboard.tsx?t=1775622337310:45:57)
    at Suspense (<anonymous>)
    at RenderedRoute (http://localhost:5173/node_modules/.vite/deps/react-router-dom.js?v=cf369621:4004:26)
    at Outlet (http://localhost:5173/node_modules/.vite/deps/react-router-dom.js?v=cf369621:4570:25)
    at ErrorBoundary (http://localhost:5173/src/components/ErrorBoundary.tsx:7:3)
    at div (<anonymous>)
    at main (<anonymous>)
    at div (<anonymous>)
    at Layout (http://localhost:5173/src/components/Layout.tsx:107:85)
    at RenderedRoute (http://localhost:5173/node_modules/.vite/deps/react-router-dom.js?v=cf369621:4004:26)
    at Outlet (http://localhost:5173/node_modules/.vite/deps/react-router-dom.js?v=cf369621:4570:25)
    at ProtectedRoute (http://localhost:5173/src/components/ProtectedRoute.tsx:8:28)
    at RenderedRoute (http://localhost:5173/node_modules/.vite/deps/react-router-dom.js?v=cf369621:4004:26)
    at Routes (http://localhost:5173/node_modules/.vite/deps/react-router-dom.js?v=cf369621:4623:19)
    at SalesProvider (http://localhost:5173/src/contexts/SalesContext.tsx:7:33)
    at AuthProvider (http://localhost:5173/src/contexts/AuthContext.tsx:9:32)
    at ThemeProvider (http://localhost:5173/src/contexts/ThemeContext.tsx:7:33)
    at QueryClientProvider (http://localhost:5173/node_modules/.vite/deps/@tanstack_react-query.js?v=cf369621:2517:30)
    at App (<anonymous>)
    at Router (http://localhost:5173/node_modules/.vite/deps/react-router-dom.js?v=cf369621:4575:29)
    at BrowserRouter (http://localhost:5173/node_modules/.vite/deps/react-router-dom.js?v=cf369621:6927:26) @ http://localhost:5173/src/components/ErrorBoundary.tsx:19
